2025-05-29 18:50:55,537 INFO o.a.j.u.JMeterUtils: Setting Locale to en_EN
2025-05-29 18:50:55,547 INFO o.a.j.JMeter: Loading user properties from: /opt/homebrew/Cellar/jmeter/5.6.3/libexec/bin/user.properties
2025-05-29 18:50:55,547 INFO o.a.j.JMeter: Loading system properties from: /opt/homebrew/Cellar/jmeter/5.6.3/libexec/bin/system.properties
2025-05-29 18:50:55,549 INFO o.a.j.JMeter: Copyright (c) 1998-2024 The Apache Software Foundation
2025-05-29 18:50:55,549 INFO o.a.j.JMeter: Version 5.6.3
2025-05-29 18:50:55,549 INFO o.a.j.JMeter: java.version=21.0.7
2025-05-29 18:50:55,549 INFO o.a.j.JMeter: java.vm.name=OpenJDK 64-Bit Server VM
2025-05-29 18:50:55,549 INFO o.a.j.JMeter: os.name=Mac OS X
2025-05-29 18:50:55,549 INFO o.a.j.JMeter: os.arch=aarch64
2025-05-29 18:50:55,549 INFO o.a.j.JMeter: os.version=15.5
2025-05-29 18:50:55,549 INFO o.a.j.JMeter: file.encoding=UTF-8
2025-05-29 18:50:55,549 INFO o.a.j.JMeter: java.awt.headless=null
2025-05-29 18:50:55,549 INFO o.a.j.JMeter: Max memory     =1073741824
2025-05-29 18:50:55,549 INFO o.a.j.JMeter: Available Processors =12
2025-05-29 18:50:55,553 INFO o.a.j.JMeter: Default Locale=English (EN)
2025-05-29 18:50:55,553 INFO o.a.j.JMeter: JMeter  Locale=English (EN)
2025-05-29 18:50:55,553 INFO o.a.j.JMeter: JMeterHome=/opt/homebrew/Cellar/jmeter/5.6.3/libexec
2025-05-29 18:50:55,553 INFO o.a.j.JMeter: user.dir  =/Users/ancient/src/rust/workflow-rs
2025-05-29 18:50:55,553 INFO o.a.j.JMeter: PWD       =/Users/ancient/src/rust/workflow-rs
2025-05-29 18:50:58,704 INFO o.a.j.JMeter: IP: 192.168.111.143 Name: MacAncient FullName: 192.168.111.143
2025-05-29 18:50:58,719 INFO o.a.j.JMeter: Loaded icon properties from org/apache/jmeter/images/icon.properties
2025-05-29 18:50:58,955 INFO o.a.j.JMeterGuiLauncher: Setting LAF to: com.github.weisj.darklaf.DarkLaf:com.github.weisj.darklaf.theme.DarculaTheme
2025-05-29 18:51:00,133 INFO o.a.j.r.ClassFinder: Will scan jar /opt/homebrew/Cellar/jmeter/5.6.3/libexec/lib/ext/jmeter-plugins-manager-1.9.jar with filter ExtendsClassFilter [parents=[interface org.apache.jmeter.gui.action.Command], inner=false, contains=null, notContains=null]. Consider exposing JMeter plugins via META-INF/services, and add JMeter-Skip-Class-Scanning=true manifest attribute so JMeter can skip classfile scanning
2025-05-29 18:51:00,212 INFO o.a.j.r.ClassFinder: Will scan jar /opt/homebrew/Cellar/jmeter/5.6.3/libexec/lib/ext/jmeter-plugins-manager-1.9.jar with filter ExtendsClassFilter [parents=[interface org.apache.jmeter.gui.plugin.MenuCreator], inner=false, contains=null, notContains=null]. Consider exposing JMeter plugins via META-INF/services, and add JMeter-Skip-Class-Scanning=true manifest attribute so JMeter can skip classfile scanning
2025-05-29 18:51:00,230 INFO o.j.r.JARSourceHTTP: Using proxy 127.0.0.1:7890
2025-05-29 18:51:00,232 INFO o.j.r.JARSourceHTTP: Using proxy 127.0.0.1:7890
2025-05-29 18:51:00,252 INFO o.j.r.JARSourceHTTP: Requesting https://jmeter-plugins.org/repo/?installID=mac_os_x-02637fa5bd75660e97078bcfa6d23444-gui
2025-05-29 18:51:01,931 INFO o.j.r.JARSourceHTTP: Using proxy 127.0.0.1:7890
2025-05-29 18:51:01,931 INFO o.j.r.PluginManager: Plugins Status: [jpgc-plugins-manager=1.9, jmeter-core=5.6.3, jmeter-ftp=5.6.3, jmeter-http=5.6.3, jmeter-jdbc=5.6.3, jmeter-jms=5.6.3, jmeter-junit=5.6.3, jmeter-java=5.6.3, jmeter-ldap=5.6.3, jmeter-mail=5.6.3, jmeter-mongodb=5.6.3, jmeter-native=5.6.3, jmeter-tcp=5.6.3, jmeter-components=5.6.3]
2025-05-29 18:51:01,932 INFO o.j.r.PluginManagerMenuItem: Plugins Manager has upgrades: [jpgc-plugins-manager]
2025-05-29 18:53:01,482 INFO o.a.j.p.h.s.HTTPSamplerBase: Parser for text/html is org.apache.jmeter.protocol.http.parser.LagartoBasedHtmlParser
2025-05-29 18:53:01,483 INFO o.a.j.p.h.s.HTTPSamplerBase: Parser for application/xhtml+xml is org.apache.jmeter.protocol.http.parser.LagartoBasedHtmlParser
2025-05-29 18:53:01,483 INFO o.a.j.p.h.s.HTTPSamplerBase: Parser for application/xml is org.apache.jmeter.protocol.http.parser.LagartoBasedHtmlParser
2025-05-29 18:53:01,483 INFO o.a.j.p.h.s.HTTPSamplerBase: Parser for text/xml is org.apache.jmeter.protocol.http.parser.LagartoBasedHtmlParser
2025-05-29 18:53:01,483 INFO o.a.j.p.h.s.HTTPSamplerBase: Parser for text/vnd.wap.wml is org.apache.jmeter.protocol.http.parser.RegexpHTMLParser
2025-05-29 18:53:01,483 INFO o.a.j.p.h.s.HTTPSamplerBase: Parser for text/css is org.apache.jmeter.protocol.http.parser.CssParser
2025-05-29 18:54:21,619 INFO o.a.j.e.StandardJMeterEngine: Running the test!
2025-05-29 18:54:21,620 INFO o.a.j.s.SampleEvent: List of sample_variables: []
2025-05-29 18:54:21,621 INFO o.a.j.s.SampleEvent: List of sample_variables: []
2025-05-29 18:54:21,621 INFO o.a.j.e.u.CompoundVariable: Note: Function class names must contain the string: '.functions.'
2025-05-29 18:54:21,621 INFO o.a.j.e.u.CompoundVariable: Note: Function class names must not contain the string: '.gui.'
2025-05-29 18:54:21,648 INFO o.a.j.r.ClassFinder: Will scan jar /opt/homebrew/Cellar/jmeter/5.6.3/libexec/lib/ext/jmeter-plugins-manager-1.9.jar with filter ExtendsClassFilter [parents=[interface org.apache.jmeter.functions.Function], inner=false, contains=null, notContains=null]. Consider exposing JMeter plugins via META-INF/services, and add JMeter-Skip-Class-Scanning=true manifest attribute so JMeter can skip classfile scanning
2025-05-29 18:54:21,651 INFO o.a.j.g.u.JMeterMenuBar: setRunning(true, *local*)
2025-05-29 18:54:21,670 INFO o.a.j.e.StandardJMeterEngine: Starting ThreadGroup: 1 : Thread Group
2025-05-29 18:54:21,670 INFO o.a.j.e.StandardJMeterEngine: Starting 1 threads for group Thread Group.
2025-05-29 18:54:21,670 INFO o.a.j.e.StandardJMeterEngine: Thread will continue on error
2025-05-29 18:54:21,670 INFO o.a.j.t.ThreadGroup: Starting thread group... number=1 threads=1 ramp-up=1 delayedStart=false
2025-05-29 18:54:21,671 INFO o.a.j.t.ThreadGroup: Started thread group number 1
2025-05-29 18:54:21,671 INFO o.a.j.e.StandardJMeterEngine: All thread groups have been started
2025-05-29 18:54:21,672 INFO o.a.j.t.JMeterThread: Thread started: Thread Group 1-1
2025-05-29 18:54:21,675 INFO o.a.j.p.h.s.HTTPHCAbstractImpl: Local host = MacAncient
2025-05-29 18:54:21,677 INFO o.a.j.p.h.s.HTTPHC4Impl: HTTP request retry count = 0
2025-05-29 18:54:21,678 INFO o.a.j.s.SampleResult: Note: Sample TimeStamps are START times
2025-05-29 18:54:21,678 INFO o.a.j.s.SampleResult: sampleresult.default.encoding is set to UTF-8
2025-05-29 18:54:21,678 INFO o.a.j.s.SampleResult: sampleresult.useNanoTime=true
2025-05-29 18:54:21,678 INFO o.a.j.s.SampleResult: sampleresult.nanoThreadSleep=5000
2025-05-29 18:54:21,694 INFO o.a.j.t.JMeterThread: Thread is done: Thread Group 1-1
2025-05-29 18:54:21,694 INFO o.a.j.t.JMeterThread: Thread finished: Thread Group 1-1
2025-05-29 18:54:21,694 INFO o.a.j.e.StandardJMeterEngine: Notifying test listeners of end of test
2025-05-29 18:54:21,695 INFO o.a.j.s.FileServer: Default base='/Users/ancient/src/rust/workflow-rs'
2025-05-29 18:54:21,695 INFO o.a.j.g.u.JMeterMenuBar: setRunning(false, *local*)
